<?xml version="1.0" encoding="UTF-8"?>
<!-- Generated by org.testng.reporters.JUnitXMLReporter -->
<testsuite ignored="0" hostname="hadhoud" failures="0" tests="5" name="Default test" time="8.267" errors="0" timestamp="2024-03-10T16:45:19 GMT+01:00">
  <testcase classname="tests.AddProductReviewTest" name="UserCanRegisterSuccessfully" time="2.747"/>
  <testcase classname="tests.AddProductReviewTest" name="UseContinueLink" time="0.456"/>
  <testcase classname="tests.AddProductReviewTest" name="UserCanLogin" time="1.519"/>
  <testcase classname="tests.AddProductReviewTest" name="UserSearchForProduct" time="1.89"/>
  <testcase classname="tests.AddProductReviewTest" name="UserCanAddReview" time="1.339"/>
</testsuite> <!-- Default test -->
