<?xml version="1.0" encoding="UTF-8"?>
<!-- Generated by org.testng.reporters.JUnitXMLReporter -->
<testsuite ignored="12" hostname="hadhoud" failures="0" tests="15" name="testng2" time="30.731" errors="0" timestamp="2023-12-08T21:08:33 GMT+01:00">
  <testcase classname="tests.HoverTest" name="UserCanSelectHoverMenu" time="1.427"/>
  <testcase classname="tests.ChangeCurrency" name="UserCanChangeCurrency" time="0.211"/>
  <testcase classname="tests.ChangeCurrency" name="UserCanSearchForProduct" time="1.153"/>
  <testcase classname="tests.CompareProductTest" name="UserCanCompareProducts" time="6.505"/>
  <testcase classname="tests.CompareProductTest" name="UserCanRemoveProduct" time="0.938"/>
  <testcase classname="tests.CompareProductTest" name="UserCanClearCompareList" time="0.9"/>
  <testcase classname="tests.AddToWishlistTest" name="UserCanSearchWithAutoSuggest" time="1.836"/>
  <testcase classname="tests.AddToWishlistTest" name="UserCanAddProductToWishList" time="1.332"/>
  <testcase classname="tests.AddToWishlistTest" name="UserCanUpdateQuantity" time="0.994"/>
  <testcase classname="tests.AddToWishlistTest" name="UserCanRemoveProductFromWishlist" time="0.855"/>
  <testcase classname="tests.AddProductToCartTest" name="UserCanAddProductToCart" time="2.2"/>
  <testcase classname="tests.AddProductToCartTest" name="UserCanUpdateCartQuantity" time="3.585"/>
  <testcase classname="tests.AddProductToCartTest" name="UserCanRemoveProduct" time="2.027"/>
  <testcase classname="tests.SearchProductTest" name="UserCanSearchForProduct" time="1.609"/>
  <testcase classname="tests.SearchProductUsingAutosuggestTest" name="UserCanSearchWithAutoSuggest" time="5.006"/>
  <testcase classname="tests.TestBase" name="@BeforeSuite startDriver" time="0.0">
    <ignored/>
  </testcase> <!-- @BeforeSuite startDriver -->
  <testcase classname="tests.TestBase" name="@AfterSuite stopDriver" time="0.0">
    <ignored/>
  </testcase> <!-- @AfterSuite stopDriver -->
  <testcase classname="tests.TestBase" name="@AfterSuite stopDriver" time="0.0">
    <ignored/>
  </testcase> <!-- @AfterSuite stopDriver -->
  <testcase classname="tests.TestBase" name="@BeforeSuite startDriver" time="0.0">
    <ignored/>
  </testcase> <!-- @BeforeSuite startDriver -->
  <testcase classname="tests.TestBase" name="@BeforeSuite startDriver" time="0.0">
    <ignored/>
  </testcase> <!-- @BeforeSuite startDriver -->
  <testcase classname="tests.TestBase" name="@BeforeSuite startDriver" time="0.0">
    <ignored/>
  </testcase> <!-- @BeforeSuite startDriver -->
  <testcase classname="tests.TestBase" name="@AfterSuite stopDriver" time="0.0">
    <ignored/>
  </testcase> <!-- @AfterSuite stopDriver -->
  <testcase classname="tests.TestBase" name="@BeforeSuite startDriver" time="0.0">
    <ignored/>
  </testcase> <!-- @BeforeSuite startDriver -->
  <testcase classname="tests.TestBase" name="@AfterSuite stopDriver" time="0.0">
    <ignored/>
  </testcase> <!-- @AfterSuite stopDriver -->
  <testcase classname="tests.TestBase" name="@AfterSuite stopDriver" time="0.0">
    <ignored/>
  </testcase> <!-- @AfterSuite stopDriver -->
  <testcase classname="tests.TestBase" name="@AfterSuite stopDriver" time="0.0">
    <ignored/>
  </testcase> <!-- @AfterSuite stopDriver -->
  <testcase classname="tests.TestBase" name="@BeforeSuite startDriver" time="0.0">
    <ignored/>
  </testcase> <!-- @BeforeSuite startDriver -->
</testsuite> <!-- testng2 -->
