<?xml version="1.0" encoding="UTF-8"?>
<!-- Generated by org.testng.reporters.JUnitXMLReporter -->
<testsuite ignored="24" hostname="hadhoud" failures="0" tests="31" name="Regression Test" time="49.555" errors="0" timestamp="2023-12-06T22:55:11 GMT+01:00">
  <testcase classname="tests.ContactUsTest" name="UserCanUseContactUs" time="1.604"/>
  <testcase classname="tests.UserRegistrationTest" name="UserCanRegisterSuccessfully" time="1.809"/>
  <testcase classname="tests.UserRegistrationTest" name="UseContinueLink" time="0.456"/>
  <testcase classname="tests.UserRegistrationTest" name="UserCanLogin" time="1.397"/>
  <testcase classname="tests.MyAccountTest" name="RegisteredUserCanChangePassword" time="1.687"/>
  <testcase classname="tests.MyAccountTest" name="UserCanloginWithNewPassword" time="1.751"/>
  <testcase classname="tests.AddProductReviewTest" name="UserSearchForProduct" time="2.337"/>
  <testcase classname="tests.AddProductReviewTest" name="UserCanAddReview" time="1.277"/>
  <testcase classname="tests.EmailProductTest" name="UserSearchForProduct" time="1.644"/>
  <testcase classname="tests.EmailProductTest" name="UserCanEmailProduct" time="1.145"/>
  <testcase classname="tests.EmailProductTest" name="UserCanlogout" time="0.736"/>
  <testcase classname="tests.HoverTest" name="UserCanSelectHoverMenu" time="0.926"/>
  <testcase classname="tests.ChangeCurrency" name="UserCanChangeCurrency" time="0.812"/>
  <testcase classname="tests.ChangeCurrency" name="UserCanSearchForProduct" time="0.712"/>
  <testcase classname="tests.CompareProductTest" name="UserCanCompareProducts" time="6.127"/>
  <testcase classname="tests.CompareProductTest" name="UserCanRemoveProduct" time="0.693"/>
  <testcase classname="tests.CompareProductTest" name="UserCanClearCompareList" time="0.693"/>
  <testcase classname="tests.AddToWishlistTest" name="UserCanSearchWithAutoSuggest" time="1.584"/>
  <testcase classname="tests.AddToWishlistTest" name="UserCanAddProductToWishList" time="0.955"/>
  <testcase classname="tests.AddToWishlistTest" name="UserCanUpdateQuantity" time="0.522"/>
  <testcase classname="tests.AddToWishlistTest" name="UserCanRemoveProductFromWishlist" time="0.566"/>
  <testcase classname="tests.AddProductToCartTest" name="UserCanAddProductToCart" time="1.718"/>
  <testcase classname="tests.AddProductToCartTest" name="UserCanUpdateCartQuantity" time="2.646"/>
  <testcase classname="tests.AddProductToCartTest" name="UserCanRemoveProduct" time="1.501"/>
  <testcase classname="tests.SearchProductTest" name="UserCanSearchForProduct" time="1.083"/>
  <testcase classname="tests.SearchProductUsingAutosuggestTest" name="UserCanSearchWithAutoSuggest" time="4.716"/>
  <testcase classname="tests.ProductCheckoutTest" name="SearchForProduct" time="1.677"/>
  <testcase classname="tests.ProductCheckoutTest" name="UserCanCheckOutProductAsAGuest" time="4.112"/>
  <testcase classname="tests.ProductCheckoutTest" name="UserCanConfirmOrder" time="1.838"/>
  <testcase classname="tests.ProductCheckoutTest" name="UserCanDownloadInvoicePdf" time="0.425"/>
  <testcase classname="tests.ProductCheckoutTest" name="UserCanPrintOrderInvoice" time="0.154"/>
  <testcase classname="tests.TestBase" name="@BeforeSuite startDriver" time="0.0">
    <ignored/>
  </testcase> <!-- @BeforeSuite startDriver -->
  <testcase classname="tests.TestBase" name="@BeforeSuite startDriver" time="0.0">
    <ignored/>
  </testcase> <!-- @BeforeSuite startDriver -->
  <testcase classname="tests.TestBase" name="@BeforeSuite startDriver" time="0.0">
    <ignored/>
  </testcase> <!-- @BeforeSuite startDriver -->
  <testcase classname="tests.TestBase" name="@BeforeSuite startDriver" time="0.0">
    <ignored/>
  </testcase> <!-- @BeforeSuite startDriver -->
  <testcase classname="tests.TestBase" name="@AfterSuite stopDriver" time="0.0">
    <ignored/>
  </testcase> <!-- @AfterSuite stopDriver -->
  <testcase classname="tests.TestBase" name="@BeforeSuite startDriver" time="0.0">
    <ignored/>
  </testcase> <!-- @BeforeSuite startDriver -->
  <testcase classname="tests.TestBase" name="@AfterSuite stopDriver" time="0.0">
    <ignored/>
  </testcase> <!-- @AfterSuite stopDriver -->
  <testcase classname="tests.TestBase" name="@BeforeSuite startDriver" time="0.0">
    <ignored/>
  </testcase> <!-- @BeforeSuite startDriver -->
  <testcase classname="tests.TestBase" name="@BeforeSuite startDriver" time="0.0">
    <ignored/>
  </testcase> <!-- @BeforeSuite startDriver -->
  <testcase classname="tests.TestBase" name="@BeforeSuite startDriver" time="0.0">
    <ignored/>
  </testcase> <!-- @BeforeSuite startDriver -->
  <testcase classname="tests.TestBase" name="@AfterSuite stopDriver" time="0.0">
    <ignored/>
  </testcase> <!-- @AfterSuite stopDriver -->
  <testcase classname="tests.TestBase" name="@BeforeSuite startDriver" time="0.0">
    <ignored/>
  </testcase> <!-- @BeforeSuite startDriver -->
  <testcase classname="tests.TestBase" name="@AfterSuite stopDriver" time="0.0">
    <ignored/>
  </testcase> <!-- @AfterSuite stopDriver -->
  <testcase classname="tests.TestBase" name="@AfterSuite stopDriver" time="0.0">
    <ignored/>
  </testcase> <!-- @AfterSuite stopDriver -->
  <testcase classname="tests.TestBase" name="@BeforeSuite startDriver" time="0.0">
    <ignored/>
  </testcase> <!-- @BeforeSuite startDriver -->
  <testcase classname="tests.TestBase" name="@BeforeSuite startDriver" time="0.0">
    <ignored/>
  </testcase> <!-- @BeforeSuite startDriver -->
  <testcase classname="tests.TestBase" name="@AfterSuite stopDriver" time="0.0">
    <ignored/>
  </testcase> <!-- @AfterSuite stopDriver -->
  <testcase classname="tests.TestBase" name="@AfterSuite stopDriver" time="0.0">
    <ignored/>
  </testcase> <!-- @AfterSuite stopDriver -->
  <testcase classname="tests.TestBase" name="@BeforeSuite startDriver" time="0.0">
    <ignored/>
  </testcase> <!-- @BeforeSuite startDriver -->
  <testcase classname="tests.TestBase" name="@AfterSuite stopDriver" time="0.0">
    <ignored/>
  </testcase> <!-- @AfterSuite stopDriver -->
  <testcase classname="tests.TestBase" name="@AfterSuite stopDriver" time="0.0">
    <ignored/>
  </testcase> <!-- @AfterSuite stopDriver -->
  <testcase classname="tests.TestBase" name="@AfterSuite stopDriver" time="0.0">
    <ignored/>
  </testcase> <!-- @AfterSuite stopDriver -->
  <testcase classname="tests.TestBase" name="@AfterSuite stopDriver" time="0.0">
    <ignored/>
  </testcase> <!-- @AfterSuite stopDriver -->
  <testcase classname="tests.TestBase" name="@AfterSuite stopDriver" time="0.0">
    <ignored/>
  </testcase> <!-- @AfterSuite stopDriver -->
</testsuite> <!-- Regression Test -->
