<?xml version="1.0" encoding="UTF-8"?>
<testsuite xmlns:xsi="http://www.w3.org/2001/XMLSchema-instance" xsi:noNamespaceSchemaLocation="https://maven.apache.org/surefire/maven-surefire-plugin/xsd/surefire-test-report-3.0.xsd" version="3.0" name="TestSuite" time="37.95" tests="15" errors="0" skipped="0" failures="0">
  <properties>
[...]
</properties>
  <testcase name="UserCanSelectHoverMenu" classname="tests.HoverTest" time="1.433">
    <system-err><![CDATA[SLF4J: Failed to load class "org.slf4j.impl.StaticLoggerBinder".
SLF4J: Defaulting to no-operation (NOP) logger implementation
SLF4J: See http://www.slf4j.org/codes.html#StaticLoggerBinder for further details.
]]></system-err>
  </testcase>
  <testcase name="UserCanChangeCurrency" classname="tests.ChangeCurrency" time="0.208"/>
  <testcase name="UserCanSearchForProduct" classname="tests.ChangeCurrency" time="1.157">
    <system-out><![CDATA[$1,800.00
]]></system-out>
  </testcase>
  <testcase name="UserCanCompareProducts" classname="tests.CompareProductTest" time="6.503">
    <system-out><![CDATA[4
  Remove Remove	
 	
Remove	
Remove	
 	
	
	
Name	
Lenovo IdeaCentre 600 All-in-One PC	
Apple MacBook Pro 13-inch	
Price	
$500.00	
$1,800.00	
 	
 	
Remove	
Remove	
 	
	
	
Name	
Lenovo IdeaCentre 600 All-in-One PC	
Apple MacBook Pro 13-inch	
Price	
$500.00	
$1,800.00	
Name Lenovo IdeaCentre 600 All-in-One PC Apple MacBook Pro 13-inch	
 	
Remove	
Remove	
 	
	
	
Name	
Lenovo IdeaCentre 600 All-in-One PC	
Apple MacBook Pro 13-inch	
Price	
$500.00	
$1,800.00	
Price $500.00 $1,800.00	
 	
Remove	
Remove	
 	
	
	
Name	
Lenovo IdeaCentre 600 All-in-One PC	
Apple MacBook Pro 13-inch	
Price	
$500.00	
$1,800.00	
]]></system-out>
  </testcase>
  <testcase name="UserCanRemoveProduct" classname="tests.CompareProductTest" time="0.938"/>
  <testcase name="UserCanClearCompareList" classname="tests.CompareProductTest" time="0.9"/>
  <testcase name="UserCanSearchWithAutoSuggest" classname="tests.AddToWishlistTest" time="1.836"/>
  <testcase name="UserCanAddProductToWishList" classname="tests.AddToWishlistTest" time="1.329"/>
  <testcase name="UserCanUpdateQuantity" classname="tests.AddToWishlistTest" time="0.992"/>
  <testcase name="UserCanRemoveProductFromWishlist" classname="tests.AddToWishlistTest" time="0.855"/>
  <testcase name="UserCanAddProductToCart" classname="tests.AddProductToCartTest" time="2.2"/>
  <testcase name="UserCanUpdateCartQuantity" classname="tests.AddProductToCartTest" time="3.585"/>
  <testcase name="UserCanRemoveProduct" classname="tests.AddProductToCartTest" time="2.027"/>
  <testcase name="UserCanSearchForProduct" classname="tests.SearchProductTest" time="1.608"/>
  <testcase name="UserCanSearchWithAutoSuggest" classname="tests.SearchProductUsingAutosuggestTest" time="5.018">
    <system-out><![CDATA[Erreur occured no such element: Unable to locate element: {"method":"link text","selector":"Apple MacBook Pro 13-inch"}
  (Session info: chrome=119.0.6045.200)
For documentation on this error, please visit: https://www.selenium.dev/documentation/webdriver/troubleshooting/errors#no-such-element-exception
Build info: version: '4.15.0', revision: '1d14b5521b'
System info: os.name: 'Windows 10', os.arch: 'amd64', os.version: '10.0', java.version: '11.0.20'
Driver info: org.openqa.selenium.chrome.ChromeDriver
Command: [716ff390301f4f022f85ebfddf8de371, findElement {using=link text, value=Apple MacBook Pro 13-inch}]
Capabilities {acceptInsecureCerts: true, browserName: chrome, browserVersion: 119.0.6045.200, chrome: {chromedriverVersion: 119.0.6045.105 (38c72552c5e..., userDataDir: C:\Users\hedi\AppData\Local...}, fedcm:accounts: true, goog:chromeOptions: {debuggerAddress: localhost:54888}, networkConnectionEnabled: false, pageLoadStrategy: normal, platformName: windows, proxy: Proxy(), se:cdp: ws://localhost:54888/devtoo..., se:cdpVersion: 119.0.6045.200, setWindowRect: true, strictFileInteractability: false, timeouts: {implicit: 0, pageLoad: 300000, script: 30000}, unhandledPromptBehavior: dismiss and notify, webauthn:extension:credBlob: true, webauthn:extension:largeBlob: true, webauthn:extension:minPinLength: true, webauthn:extension:prf: true, webauthn:virtualAuthenticators: true}
Session ID: 716ff390301f4f022f85ebfddf8de371
]]></system-out>
  </testcase>
</testsuite>